<?xml version="1.0" encoding="UTF-8"?>
<!-- Generated by org.testng.reporters.JUnitReportReporter -->
<testsuite hostname="DESKTOP-05FA7KN" failures="0" tests="1" name="Test.TC002_Logintest" time="14.368" errors="0" timestamp="2024-04-24T12:53:57 GMT-05:00" skipped="0">
  <testcase classname="Test.TC002_Logintest" name="LoginTest" time="14.368"/>
</testsuite> <!-- Test.TC002_Logintest -->
